<?xml version="1.0" encoding="UTF-8"?>
<!-- Generated by org.testng.reporters.JUnitReportReporter -->
<testsuite hostname="LAPTOP-E8ET9AMO" failures="0" tests="1" name="Runners.LoginTest" time="8.052" errors="0" timestamp="14 Aug 2018 23:07:05 GMT">
  <testcase classname="Runners.LoginTest" name="runScenario" time="8.052"/>
</testsuite> <!-- Runners.LoginTest -->
